生成启动时间为 2017/6/2 9:25:06。
     1>项目“G:\学习\C++文件\测试\测试\测试.vcxproj”在节点 2 上(Build 个目标)。
     1>Link:
         D:\VS2012\VC\bin\link.exe /ERRORREPORT:PROMPT /OUT:"G:\学习\C++文件\测试\Debug\测试.exe" /INCREMENTAL /NOLOGO kernel32.lib user32.lib gdi32.lib winspool.lib comdlg32.lib advapi32.lib shell32.lib ole32.lib oleaut32.lib uuid.lib odbc32.lib odbccp32.lib /MANIFEST /MANIFESTUAC:"level='asInvoker' uiAccess='false'" /manifest:embed /DEBUG /PDB:"G:\学习\C++文件\测试\Debug\测试.pdb" /SUBSYSTEM:CONSOLE /TLBID:1 /DYNAMICBASE /NXCOMPAT /IMPLIB:"G:\学习\C++文件\测试\Debug\测试.lib" /MACHINE:X86 "Debug\源.obj"
     1>MSVCRTD.lib(crtexe.obj) : error LNK2019: 无法解析的外部符号 _main，该符号在函数 ___tmainCRTStartup 中被引用
     1>G:\学习\C++文件\测试\Debug\测试.exe : fatal error LNK1120: 1 个无法解析的外部命令
     1>已完成生成项目“G:\学习\C++文件\测试\测试\测试.vcxproj”(Build 个目标)的操作 - 失败。

生成失败。

已用时间 00:00:00.18
